c:\users\yonatan\onedrive\technion\semesterg\computergraphics\hw\hw1\cg_skel_2019\cg_skel_w_mfc\release\cg_skel_w_mfc.pch
c:\users\yonatan\onedrive\technion\semesterg\computergraphics\hw\hw1\cg_skel_2019\cg_skel_w_mfc\release\vc142.pdb
c:\users\yonatan\onedrive\technion\semesterg\computergraphics\hw\hw1\cg_skel_2019\cg_skel_w_mfc\release\stdafx.obj
c:\users\yonatan\onedrive\technion\semesterg\computergraphics\hw\hw1\cg_skel_2019\cg_skel_w_mfc\release\scene.obj
c:\users\yonatan\onedrive\technion\semesterg\computergraphics\hw\hw1\cg_skel_2019\cg_skel_w_mfc\release\renderer.obj
c:\users\yonatan\onedrive\technion\semesterg\computergraphics\hw\hw1\cg_skel_2019\cg_skel_w_mfc\release\meshmodel.obj
c:\users\yonatan\onedrive\technion\semesterg\computergraphics\hw\hw1\cg_skel_2019\cg_skel_w_mfc\release\initshader.obj
c:\users\yonatan\onedrive\technion\semesterg\computergraphics\hw\hw1\cg_skel_2019\cg_skel_w_mfc\release\cg_skel_w_mfc.obj
c:\users\yonatan\onedrive\technion\semesterg\computergraphics\hw\hw1\cg_skel_2019\release\cg_skel_w_mfc.exe
c:\users\yonatan\onedrive\technion\semesterg\computergraphics\hw\hw1\cg_skel_2019\cg_skel_w_mfc\release\cg_skel_w_mfc.ipdb
c:\users\yonatan\onedrive\technion\semesterg\computergraphics\hw\hw1\cg_skel_2019\cg_skel_w_mfc\release\cg_skel_w_mfc.iobj
c:\users\yonatan\onedrive\technion\semesterg\computergraphics\hw\hw1\cg_skel_2019\cg_skel_w_mfc\release\cg_skel_w_mfc.res
c:\users\yonatan\onedrive\technion\semesterg\computergraphics\hw\hw1\cg_skel_2019\cg_skel_w_mfc\release\cg_skel_w_mfc.tlog\cl.command.1.tlog
c:\users\yonatan\onedrive\technion\semesterg\computergraphics\hw\hw1\cg_skel_2019\cg_skel_w_mfc\release\cg_skel_w_mfc.tlog\cl.read.1.tlog
c:\users\yonatan\onedrive\technion\semesterg\computergraphics\hw\hw1\cg_skel_2019\cg_skel_w_mfc\release\cg_skel_w_mfc.tlog\cl.write.1.tlog
c:\users\yonatan\onedrive\technion\semesterg\computergraphics\hw\hw1\cg_skel_2019\cg_skel_w_mfc\release\cg_skel_w_mfc.tlog\link.command.1.tlog
c:\users\yonatan\onedrive\technion\semesterg\computergraphics\hw\hw1\cg_skel_2019\cg_skel_w_mfc\release\cg_skel_w_mfc.tlog\link.read.1.tlog
c:\users\yonatan\onedrive\technion\semesterg\computergraphics\hw\hw1\cg_skel_2019\cg_skel_w_mfc\release\cg_skel_w_mfc.tlog\link.write.1.tlog
c:\users\yonatan\onedrive\technion\semesterg\computergraphics\hw\hw1\cg_skel_2019\cg_skel_w_mfc\release\cg_skel_w_mfc.tlog\rc.command.1.tlog
c:\users\yonatan\onedrive\technion\semesterg\computergraphics\hw\hw1\cg_skel_2019\cg_skel_w_mfc\release\cg_skel_w_mfc.tlog\rc.read.1.tlog
c:\users\yonatan\onedrive\technion\semesterg\computergraphics\hw\hw1\cg_skel_2019\cg_skel_w_mfc\release\cg_skel_w_mfc.tlog\rc.write.1.tlog
